This file contains any messages produced by compilers while
running configure, to aid debugging if configure makes a mistake.

It was created by configure, which was
generated by GNU Autoconf 2.59.  Invocation command line was

  $ ./configure 

## --------- ##
## Platform. ##
## --------- ##

hostname = omega
uname -m = x86_64
uname -r = 15.4.0
uname -s = Darwin
uname -v = Darwin Kernel Version 15.4.0: Fri Feb 26 22:08:05 PST 2016; root:xnu-3248.40.184~3/RELEASE_X86_64

/usr/bin/uname -p = i386
/bin/uname -X     = unknown

/bin/arch              = unknown
/usr/bin/arch -k       = unknown
/usr/convex/getsysinfo = unknown
hostinfo               = Mach kernel version:
	 Darwin Kernel Version 15.4.0: Fri Feb 26 22:08:05 PST 2016; root:xnu-3248.40.184~3/RELEASE_X86_64
Kernel configured for up to 8 processors.
4 processors are physically available.
8 processors are logically available.
Processor type: x86_64h (Intel x86-64h Haswell)
Processors active: 0 1 2 3 4 5 6 7
Primary memory available: 16.00 gigabytes
Default processor set: 294 tasks, 1833 threads, 8 processors
Load average: 2.02, Mach factor: 5.97
/bin/machine           = unknown
/usr/bin/oslevel       = unknown
/bin/universe          = unknown

PATH: /Users/jv/Desktop/OtherTools/apache-maven-3.3.3/bin
PATH: /usr/local/bin
PATH: /usr/bin
PATH: /bin
PATH: /usr/sbin
PATH: /sbin
PATH: /Users/jv/Desktop/OtherTools/apache-ant-1.9.3/bin
PATH: /Users/jv/Library/Android/sdk/platform-tools
PATH: /Users/jv/Desktop/MyDevelopment/repo_shell_scripts/mac/unix-scripts


## ----------- ##
## Core tests. ##
## ----------- ##

configure:1546: checking build system type
configure:1564: result: i686-apple-darwin15.4.0
configure:1572: checking host system type
configure:1586: result: i686-apple-darwin15.4.0
configure:1594: checking target system type
configure:1608: result: i686-apple-darwin15.4.0
configure:1636: checking for a BSD-compatible install
configure:1691: result: /usr/bin/install -c
configure:1702: checking whether build environment is sane
configure:1745: result: yes
configure:1810: checking for gawk
configure:1839: result: no
configure:1810: checking for mawk
configure:1839: result: no
configure:1810: checking for nawk
configure:1839: result: no
configure:1810: checking for awk
configure:1826: found /usr/bin/awk
configure:1836: result: awk
configure:1846: checking whether make sets $(MAKE)
configure:1866: result: yes
configure:2037: checking whether to enable maintainer-specific portions of Makefiles
configure:2046: result: no
configure:2062: checking whether make sets $(MAKE)
configure:2082: result: yes
configure:2144: checking for g++
configure:2160: found /usr/bin/g++
configure:2170: result: g++
configure:2186: checking for C++ compiler version
configure:2189: g++ --version </dev/null >&5
Configured with: --prefix=/Applications/Xcode.app/Contents/Developer/usr --with-gxx-include-dir=/Applications/Xcode.app/Contents/Developer/Platforms/MacOSX.platform/Developer/SDKs/MacOSX10.11.sdk/usr/include/c++/4.2.1
Apple LLVM version 7.3.0 (clang-703.0.29)
Target: x86_64-apple-darwin15.4.0
Thread model: posix
InstalledDir: /Applications/Xcode.app/Contents/Developer/Toolchains/XcodeDefault.xctoolchain/usr/bin
configure:2192: $? = 0
configure:2194: g++ -v </dev/null >&5
Configured with: --prefix=/Applications/Xcode.app/Contents/Developer/usr --with-gxx-include-dir=/Applications/Xcode.app/Contents/Developer/Platforms/MacOSX.platform/Developer/SDKs/MacOSX10.11.sdk/usr/include/c++/4.2.1
Apple LLVM version 7.3.0 (clang-703.0.29)
Target: x86_64-apple-darwin15.4.0
Thread model: posix
InstalledDir: /Applications/Xcode.app/Contents/Developer/Toolchains/XcodeDefault.xctoolchain/usr/bin
configure:2197: $? = 0
configure:2199: g++ -V </dev/null >&5
clang: error: argument to '-V' is missing (expected 1 value)
clang: error: no input files
configure:2202: $? = 1
configure:2225: checking for C++ compiler default output file name
configure:2228: g++    conftest.cc  >&5
configure:2231: $? = 0
configure:2277: result: a.out
configure:2282: checking whether the C++ compiler works
configure:2288: ./a.out
configure:2291: $? = 0
configure:2308: result: yes
configure:2315: checking whether we are cross compiling
configure:2317: result: no
configure:2320: checking for suffix of executables
configure:2322: g++ -o conftest    conftest.cc  >&5
configure:2325: $? = 0
configure:2350: result: 
configure:2356: checking for suffix of object files
configure:2377: g++ -c   conftest.cc >&5
configure:2380: $? = 0
configure:2402: result: o
configure:2406: checking whether we are using the GNU C++ compiler
configure:2430: g++ -c   conftest.cc >&5
configure:2436: $? = 0
configure:2440: test -z 
			 || test ! -s conftest.err
configure:2443: $? = 0
configure:2446: test -s conftest.o
configure:2449: $? = 0
configure:2462: result: yes
configure:2468: checking whether g++ accepts -g
configure:2489: g++ -c -g  conftest.cc >&5
configure:2495: $? = 0
configure:2499: test -z 
			 || test ! -s conftest.err
configure:2502: $? = 0
configure:2505: test -s conftest.o
configure:2508: $? = 0
configure:2519: result: yes
configure:2561: g++ -c -g -O2  conftest.cc >&5
configure:2567: $? = 0
configure:2571: test -z 
			 || test ! -s conftest.err
configure:2574: $? = 0
configure:2577: test -s conftest.o
configure:2580: $? = 0
configure:2606: g++ -c -g -O2  conftest.cc >&5
conftest.cc:15:1: error: use of undeclared identifier 'exit'
exit (42);
^
1 error generated.
configure:2612: $? = 1
configure: failed program was:
| /* confdefs.h.  */
| 
| #define PACKAGE_NAME ""
| #define PACKAGE_TARNAME ""
| #define PACKAGE_VERSION ""
| #define PACKAGE_STRING ""
| #define PACKAGE_BUGREPORT ""
| #define PACKAGE "libmcrypt"
| #define VERSION "2.5.8"
| /* end confdefs.h.  */
| 
| int
| main ()
| {
| exit (42);
|   ;
|   return 0;
| }
configure:2561: g++ -c -g -O2  conftest.cc >&5
conftest.cc:11:17: error: use of undeclared identifier 'std'
extern "C" void std::exit (int) throw (); using std::exit;
                ^
conftest.cc:11:49: error: use of undeclared identifier 'std'
extern "C" void std::exit (int) throw (); using std::exit;
                                                ^
2 errors generated.
configure:2567: $? = 1
configure: failed program was:
| /* confdefs.h.  */
| 
| #define PACKAGE_NAME ""
| #define PACKAGE_TARNAME ""
| #define PACKAGE_VERSION ""
| #define PACKAGE_STRING ""
| #define PACKAGE_BUGREPORT ""
| #define PACKAGE "libmcrypt"
| #define VERSION "2.5.8"
| /* end confdefs.h.  */
| extern "C" void std::exit (int) throw (); using std::exit;
| #include <stdlib.h>
| int
| main ()
| {
| exit (42);
|   ;
|   return 0;
| }
configure:2561: g++ -c -g -O2  conftest.cc >&5
conftest.cc:11:17: error: use of undeclared identifier 'std'
extern "C" void std::exit (int); using std::exit;
                ^
conftest.cc:11:40: error: use of undeclared identifier 'std'
extern "C" void std::exit (int); using std::exit;
                                       ^
2 errors generated.
configure:2567: $? = 1
configure: failed program was:
| /* confdefs.h.  */
| 
| #define PACKAGE_NAME ""
| #define PACKAGE_TARNAME ""
| #define PACKAGE_VERSION ""
| #define PACKAGE_STRING ""
| #define PACKAGE_BUGREPORT ""
| #define PACKAGE "libmcrypt"
| #define VERSION "2.5.8"
| /* end confdefs.h.  */
| extern "C" void std::exit (int); using std::exit;
| #include <stdlib.h>
| int
| main ()
| {
| exit (42);
|   ;
|   return 0;
| }
configure:2561: g++ -c -g -O2  conftest.cc >&5
In file included from conftest.cc:12:
/Applications/Xcode.app/Contents/Developer/Platforms/MacOSX.platform/Developer/SDKs/MacOSX10.11.sdk/usr/include/stdlib.h:142:7: error: 'exit' is missing exception specification 'throw()'
void     exit(int) __dead2;
         ^
conftest.cc:11:17: note: previous declaration is here
extern "C" void exit (int) throw ();
                ^
1 error generated.
configure:2567: $? = 1
configure: failed program was:
| /* confdefs.h.  */
| 
| #define PACKAGE_NAME ""
| #define PACKAGE_TARNAME ""
| #define PACKAGE_VERSION ""
| #define PACKAGE_STRING ""
| #define PACKAGE_BUGREPORT ""
| #define PACKAGE "libmcrypt"
| #define VERSION "2.5.8"
| /* end confdefs.h.  */
| extern "C" void exit (int) throw ();
| #include <stdlib.h>
| int
| main ()
| {
| exit (42);
|   ;
|   return 0;
| }
configure:2561: g++ -c -g -O2  conftest.cc >&5
configure:2567: $? = 0
configure:2571: test -z 
			 || test ! -s conftest.err
configure:2574: $? = 0
configure:2577: test -s conftest.o
configure:2580: $? = 0
configure:2606: g++ -c -g -O2  conftest.cc >&5
configure:2612: $? = 0
configure:2616: test -z 
			 || test ! -s conftest.err
configure:2619: $? = 0
configure:2622: test -s conftest.o
configure:2625: $? = 0
configure:2659: checking for style of include used by make
configure:2687: result: GNU
configure:2715: checking dependency style of g++
configure:2805: result: gcc3
configure:2868: checking for gcc
configure:2884: found /usr/bin/gcc
configure:2894: result: gcc
configure:3138: checking for C compiler version
configure:3141: gcc --version </dev/null >&5
Configured with: --prefix=/Applications/Xcode.app/Contents/Developer/usr --with-gxx-include-dir=/Applications/Xcode.app/Contents/Developer/Platforms/MacOSX.platform/Developer/SDKs/MacOSX10.11.sdk/usr/include/c++/4.2.1
Apple LLVM version 7.3.0 (clang-703.0.29)
Target: x86_64-apple-darwin15.4.0
Thread model: posix
InstalledDir: /Applications/Xcode.app/Contents/Developer/Toolchains/XcodeDefault.xctoolchain/usr/bin
configure:3144: $? = 0
configure:3146: gcc -v </dev/null >&5
Configured with: --prefix=/Applications/Xcode.app/Contents/Developer/usr --with-gxx-include-dir=/Applications/Xcode.app/Contents/Developer/Platforms/MacOSX.platform/Developer/SDKs/MacOSX10.11.sdk/usr/include/c++/4.2.1
Apple LLVM version 7.3.0 (clang-703.0.29)
Target: x86_64-apple-darwin15.4.0
Thread model: posix
InstalledDir: /Applications/Xcode.app/Contents/Developer/Toolchains/XcodeDefault.xctoolchain/usr/bin
configure:3149: $? = 0
configure:3151: gcc -V </dev/null >&5
clang: error: argument to '-V' is missing (expected 1 value)
clang: error: no input files
configure:3154: $? = 1
configure:3157: checking whether we are using the GNU C compiler
configure:3181: gcc -c   conftest.c >&5
configure:3187: $? = 0
configure:3191: test -z 
			 || test ! -s conftest.err
configure:3194: $? = 0
configure:3197: test -s conftest.o
configure:3200: $? = 0
configure:3213: result: yes
configure:3219: checking whether gcc accepts -g
configure:3240: gcc -c -g  conftest.c >&5
configure:3246: $? = 0
configure:3250: test -z 
			 || test ! -s conftest.err
configure:3253: $? = 0
configure:3256: test -s conftest.o
configure:3259: $? = 0
configure:3270: result: yes
configure:3287: checking for gcc option to accept ANSI C
configure:3357: gcc  -c -g -O2  conftest.c >&5
configure:3363: $? = 0
configure:3367: test -z 
			 || test ! -s conftest.err
configure:3370: $? = 0
configure:3373: test -s conftest.o
configure:3376: $? = 0
configure:3394: result: none needed
configure:3412: gcc -c -g -O2  conftest.c >&5
conftest.c:2:3: error: unknown type name 'choke'
  choke me
  ^
conftest.c:2:11: error: expected ';' after top level declarator
  choke me
          ^
          ;
2 errors generated.
configure:3418: $? = 1
configure: failed program was:
| #ifndef __cplusplus
|   choke me
| #endif
configure:3553: checking dependency style of gcc
configure:3643: result: gcc3
configure:3665: checking how to run the C preprocessor
configure:3700: gcc -E  conftest.c
configure:3706: $? = 0
configure:3738: gcc -E  conftest.c
conftest.c:14:10: fatal error: 'ac_nonexistent.h' file not found
#include <ac_nonexistent.h>
         ^
1 error generated.
configure:3744: $? = 1
configure: failed program was:
| /* confdefs.h.  */
| 
| #define PACKAGE_NAME ""
| #define PACKAGE_TARNAME ""
| #define PACKAGE_VERSION ""
| #define PACKAGE_STRING ""
| #define PACKAGE_BUGREPORT ""
| #define PACKAGE "libmcrypt"
| #define VERSION "2.5.8"
| #ifdef __cplusplus
| extern "C" void exit (int);
| #endif
| /* end confdefs.h.  */
| #include <ac_nonexistent.h>
configure:3783: result: gcc -E
configure:3807: gcc -E  conftest.c
configure:3813: $? = 0
configure:3845: gcc -E  conftest.c
conftest.c:14:10: fatal error: 'ac_nonexistent.h' file not found
#include <ac_nonexistent.h>
         ^
1 error generated.
configure:3851: $? = 1
configure: failed program was:
| /* confdefs.h.  */
| 
| #define PACKAGE_NAME ""
| #define PACKAGE_TARNAME ""
| #define PACKAGE_VERSION ""
| #define PACKAGE_STRING ""
| #define PACKAGE_BUGREPORT ""
| #define PACKAGE "libmcrypt"
| #define VERSION "2.5.8"
| #ifdef __cplusplus
| extern "C" void exit (int);
| #endif
| /* end confdefs.h.  */
| #include <ac_nonexistent.h>
configure:3907: checking for a BSD-compatible install
configure:3962: result: /usr/bin/install -c
configure:3973: checking whether ln -s works
configure:3977: result: yes
configure:3984: checking whether make sets $(MAKE)
configure:4004: result: yes
configure:4054: checking for a BSD-compatible install
configure:4109: result: /usr/bin/install -c
configure:4120: checking whether ln -s works
configure:4124: result: yes
configure:4134: checking whether in maintanance mode
configure:4141: result: no
configure:4145: checking whether in dmalloc mode
configure:4152: result: no
configure:4240: checking whether to enable dynamic module loading
configure:4247: result: no
configure:4502: checking which algorithms to include into library
configure:4528: result: cbc cfb ctr ecb ncfb nofb ofb stream threeway cast-128 gost rijndael-128 safer-sk64 twofish  arcfour cast-256 loki97 rijndael-192 saferplus wake  blowfish-compat des rijndael-256 serpent xtea  blowfish enigma rc2 safer-sk128 tripledes
configure:4560: checking for dirent.h that defines DIR
configure:4584: gcc -c -g -O2  conftest.c >&5
configure:4590: $? = 0
configure:4594: test -z 
			 || test ! -s conftest.err
configure:4597: $? = 0
configure:4600: test -s conftest.o
configure:4603: $? = 0
configure:4614: result: yes
configure:4627: checking for library containing opendir
configure:4657: gcc -o conftest -g -O2   conftest.c  >&5
configure:4663: $? = 0
configure:4667: test -z 
			 || test ! -s conftest.err
configure:4670: $? = 0
configure:4673: test -s conftest
configure:4676: $? = 0
configure:4746: result: none required
configure:4883: checking for egrep
configure:4893: result: grep -E
configure:4898: checking for ANSI C header files
configure:4923: gcc -c -g -O2  conftest.c >&5
configure:4929: $? = 0
configure:4933: test -z 
			 || test ! -s conftest.err
configure:4936: $? = 0
configure:4939: test -s conftest.o
configure:4942: $? = 0
configure:5031: gcc -o conftest -g -O2   conftest.c  >&5
conftest.c:32:7: warning: implicitly declaring library function 'exit' with type 'void (int) __attribute__((noreturn))' [-Wimplicit-function-declaration]
      exit(2);
      ^
conftest.c:32:7: note: include the header <stdlib.h> or explicitly provide a declaration for 'exit'
1 warning generated.
configure:5034: $? = 0
configure:5036: ./conftest
configure:5039: $? = 0
configure:5054: result: yes
configure:5064: checking for inline
configure:5085: gcc -c -g -O2  conftest.c >&5
configure:5091: $? = 0
configure:5095: test -z 
			 || test ! -s conftest.err
configure:5098: $? = 0
configure:5101: test -s conftest.o
configure:5104: $? = 0
configure:5116: result: inline
configure:5135: checking for an ANSI C-conforming const
configure:5202: gcc -c -g -O2  conftest.c >&5
configure:5208: $? = 0
configure:5212: test -z 
			 || test ! -s conftest.err
configure:5215: $? = 0
configure:5218: test -s conftest.o
configure:5221: $? = 0
configure:5232: result: yes
configure:5257: checking for sys/types.h
configure:5273: gcc -c -g -O2  conftest.c >&5
configure:5279: $? = 0
configure:5283: test -z 
			 || test ! -s conftest.err
configure:5286: $? = 0
configure:5289: test -s conftest.o
configure:5292: $? = 0
configure:5303: result: yes
configure:5257: checking for sys/stat.h
configure:5273: gcc -c -g -O2  conftest.c >&5
configure:5279: $? = 0
configure:5283: test -z 
			 || test ! -s conftest.err
configure:5286: $? = 0
configure:5289: test -s conftest.o
configure:5292: $? = 0
configure:5303: result: yes
configure:5257: checking for stdlib.h
configure:5273: gcc -c -g -O2  conftest.c >&5
configure:5279: $? = 0
configure:5283: test -z 
			 || test ! -s conftest.err
configure:5286: $? = 0
configure:5289: test -s conftest.o
configure:5292: $? = 0
configure:5303: result: yes
configure:5257: checking for string.h
configure:5273: gcc -c -g -O2  conftest.c >&5
configure:5279: $? = 0
configure:5283: test -z 
			 || test ! -s conftest.err
configure:5286: $? = 0
configure:5289: test -s conftest.o
configure:5292: $? = 0
configure:5303: result: yes
configure:5257: checking for memory.h
configure:5273: gcc -c -g -O2  conftest.c >&5
configure:5279: $? = 0
configure:5283: test -z 
			 || test ! -s conftest.err
configure:5286: $? = 0
configure:5289: test -s conftest.o
configure:5292: $? = 0
configure:5303: result: yes
configure:5257: checking for strings.h
configure:5273: gcc -c -g -O2  conftest.c >&5
configure:5279: $? = 0
configure:5283: test -z 
			 || test ! -s conftest.err
configure:5286: $? = 0
configure:5289: test -s conftest.o
configure:5292: $? = 0
configure:5303: result: yes
configure:5257: checking for inttypes.h
configure:5273: gcc -c -g -O2  conftest.c >&5
configure:5279: $? = 0
configure:5283: test -z 
			 || test ! -s conftest.err
configure:5286: $? = 0
configure:5289: test -s conftest.o
configure:5292: $? = 0
configure:5303: result: yes
configure:5257: checking for stdint.h
configure:5273: gcc -c -g -O2  conftest.c >&5
configure:5279: $? = 0
configure:5283: test -z 
			 || test ! -s conftest.err
configure:5286: $? = 0
configure:5289: test -s conftest.o
configure:5292: $? = 0
configure:5303: result: yes
configure:5257: checking for unistd.h
configure:5273: gcc -c -g -O2  conftest.c >&5
configure:5279: $? = 0
configure:5283: test -z 
			 || test ! -s conftest.err
configure:5286: $? = 0
configure:5289: test -s conftest.o
configure:5292: $? = 0
configure:5303: result: yes
configure:5335: checking argz.h usability
configure:5347: gcc -c -g -O2  conftest.c >&5
conftest.c:59:10: fatal error: 'argz.h' file not found
#include <argz.h>
         ^
1 error generated.
configure:5353: $? = 1
configure: failed program was:
| /* confdefs.h.  */
| 
| #define PACKAGE_NAME ""
| #define PACKAGE_TARNAME ""
| #define PACKAGE_VERSION ""
| #define PACKAGE_STRING ""
| #define PACKAGE_BUGREPORT ""
| #define PACKAGE "libmcrypt"
| #define VERSION "2.5.8"
| #ifdef __cplusplus
| extern "C" void exit (int);
| #endif
| #define HAVE_DIRENT_H 1
| #define STDC_HEADERS 1
| #define HAVE_SYS_TYPES_H 1
| #define HAVE_SYS_STAT_H 1
| #define HAVE_STDLIB_H 1
| #define HAVE_STRING_H 1
| #define HAVE_MEMORY_H 1
| #define HAVE_STRINGS_H 1
| #define HAVE_INTTYPES_H 1
| #define HAVE_STDINT_H 1
| #define HAVE_UNISTD_H 1
| /* end confdefs.h.  */
| #include <stdio.h>
| #if HAVE_SYS_TYPES_H
| # include <sys/types.h>
| #endif
| #if HAVE_SYS_STAT_H
| # include <sys/stat.h>
| #endif
| #if STDC_HEADERS
| # include <stdlib.h>
| # include <stddef.h>
| #else
| # if HAVE_STDLIB_H
| #  include <stdlib.h>
| # endif
| #endif
| #if HAVE_STRING_H
| # if !STDC_HEADERS && HAVE_MEMORY_H
| #  include <memory.h>
| # endif
| # include <string.h>
| #endif
| #if HAVE_STRINGS_H
| # include <strings.h>
| #endif
| #if HAVE_INTTYPES_H
| # include <inttypes.h>
| #else
| # if HAVE_STDINT_H
| #  include <stdint.h>
| # endif
| #endif
| #if HAVE_UNISTD_H
| # include <unistd.h>
| #endif
| #include <argz.h>
configure:5376: result: no
configure:5380: checking argz.h presence
configure:5390: gcc -E  conftest.c
conftest.c:25:10: fatal error: 'argz.h' file not found
#include <argz.h>
         ^
1 error generated.
configure:5396: $? = 1
configure: failed program was:
| /* confdefs.h.  */
| 
| #define PACKAGE_NAME ""
| #define PACKAGE_TARNAME ""
| #define PACKAGE_VERSION ""
| #define PACKAGE_STRING ""
| #define PACKAGE_BUGREPORT ""
| #define PACKAGE "libmcrypt"
| #define VERSION "2.5.8"
| #ifdef __cplusplus
| extern "C" void exit (int);
| #endif
| #define HAVE_DIRENT_H 1
| #define STDC_HEADERS 1
| #define HAVE_SYS_TYPES_H 1
| #define HAVE_SYS_STAT_H 1
| #define HAVE_STDLIB_H 1
| #define HAVE_STRING_H 1
| #define HAVE_MEMORY_H 1
| #define HAVE_STRINGS_H 1
| #define HAVE_INTTYPES_H 1
| #define HAVE_STDINT_H 1
| #define HAVE_UNISTD_H 1
| /* end confdefs.h.  */
| #include <argz.h>
configure:5416: result: no
configure:5451: checking for argz.h
configure:5458: result: no
configure:5335: checking byteswap.h usability
configure:5347: gcc -c -g -O2  conftest.c >&5
conftest.c:59:10: fatal error: 'byteswap.h' file not found
#include <byteswap.h>
         ^
1 error generated.
configure:5353: $? = 1
configure: failed program was:
| /* confdefs.h.  */
| 
| #define PACKAGE_NAME ""
| #define PACKAGE_TARNAME ""
| #define PACKAGE_VERSION ""
| #define PACKAGE_STRING ""
| #define PACKAGE_BUGREPORT ""
| #define PACKAGE "libmcrypt"
| #define VERSION "2.5.8"
| #ifdef __cplusplus
| extern "C" void exit (int);
| #endif
| #define HAVE_DIRENT_H 1
| #define STDC_HEADERS 1
| #define HAVE_SYS_TYPES_H 1
| #define HAVE_SYS_STAT_H 1
| #define HAVE_STDLIB_H 1
| #define HAVE_STRING_H 1
| #define HAVE_MEMORY_H 1
| #define HAVE_STRINGS_H 1
| #define HAVE_INTTYPES_H 1
| #define HAVE_STDINT_H 1
| #define HAVE_UNISTD_H 1
| /* end confdefs.h.  */
| #include <stdio.h>
| #if HAVE_SYS_TYPES_H
| # include <sys/types.h>
| #endif
| #if HAVE_SYS_STAT_H
| # include <sys/stat.h>
| #endif
| #if STDC_HEADERS
| # include <stdlib.h>
| # include <stddef.h>
| #else
| # if HAVE_STDLIB_H
| #  include <stdlib.h>
| # endif
| #endif
| #if HAVE_STRING_H
| # if !STDC_HEADERS && HAVE_MEMORY_H
| #  include <memory.h>
| # endif
| # include <string.h>
| #endif
| #if HAVE_STRINGS_H
| # include <strings.h>
| #endif
| #if HAVE_INTTYPES_H
| # include <inttypes.h>
| #else
| # if HAVE_STDINT_H
| #  include <stdint.h>
| # endif
| #endif
| #if HAVE_UNISTD_H
| # include <unistd.h>
| #endif
| #include <byteswap.h>
configure:5376: result: no
configure:5380: checking byteswap.h presence
configure:5390: gcc -E  conftest.c
conftest.c:25:10: fatal error: 'byteswap.h' file not found
#include <byteswap.h>
         ^
1 error generated.
configure:5396: $? = 1
configure: failed program was:
| /* confdefs.h.  */
| 
| #define PACKAGE_NAME ""
| #define PACKAGE_TARNAME ""
| #define PACKAGE_VERSION ""
| #define PACKAGE_STRING ""
| #define PACKAGE_BUGREPORT ""
| #define PACKAGE "libmcrypt"
| #define VERSION "2.5.8"
| #ifdef __cplusplus
| extern "C" void exit (int);
| #endif
| #define HAVE_DIRENT_H 1
| #define STDC_HEADERS 1
| #define HAVE_SYS_TYPES_H 1
| #define HAVE_SYS_STAT_H 1
| #define HAVE_STDLIB_H 1
| #define HAVE_STRING_H 1
| #define HAVE_MEMORY_H 1
| #define HAVE_STRINGS_H 1
| #define HAVE_INTTYPES_H 1
| #define HAVE_STDINT_H 1
| #define HAVE_UNISTD_H 1
| /* end confdefs.h.  */
| #include <byteswap.h>
configure:5416: result: no
configure:5451: checking for byteswap.h
configure:5458: result: no
configure:5335: checking dirent.h usability
configure:5347: gcc -c -g -O2  conftest.c >&5
configure:5353: $? = 0
configure:5357: test -z 
			 || test ! -s conftest.err
configure:5360: $? = 0
configure:5363: test -s conftest.o
configure:5366: $? = 0
configure:5376: result: yes
configure:5380: checking dirent.h presence
configure:5390: gcc -E  conftest.c
configure:5396: $? = 0
configure:5416: result: yes
configure:5451: checking for dirent.h
configure:5458: result: yes
configure:5335: checking dlfcn.h usability
configure:5347: gcc -c -g -O2  conftest.c >&5
configure:5353: $? = 0
configure:5357: test -z 
			 || test ! -s conftest.err
configure:5360: $? = 0
configure:5363: test -s conftest.o
configure:5366: $? = 0
configure:5376: result: yes
configure:5380: checking dlfcn.h presence
configure:5390: gcc -E  conftest.c
configure:5396: $? = 0
configure:5416: result: yes
configure:5451: checking for dlfcn.h
configure:5458: result: yes
configure:5335: checking endian.h usability
configure:5347: gcc -c -g -O2  conftest.c >&5
conftest.c:61:10: fatal error: 'endian.h' file not found
#include <endian.h>
         ^
1 error generated.
configure:5353: $? = 1
configure: failed program was:
| /* confdefs.h.  */
| 
| #define PACKAGE_NAME ""
| #define PACKAGE_TARNAME ""
| #define PACKAGE_VERSION ""
| #define PACKAGE_STRING ""
| #define PACKAGE_BUGREPORT ""
| #define PACKAGE "libmcrypt"
| #define VERSION "2.5.8"
| #ifdef __cplusplus
| extern "C" void exit (int);
| #endif
| #define HAVE_DIRENT_H 1
| #define STDC_HEADERS 1
| #define HAVE_SYS_TYPES_H 1
| #define HAVE_SYS_STAT_H 1
| #define HAVE_STDLIB_H 1
| #define HAVE_STRING_H 1
| #define HAVE_MEMORY_H 1
| #define HAVE_STRINGS_H 1
| #define HAVE_INTTYPES_H 1
| #define HAVE_STDINT_H 1
| #define HAVE_UNISTD_H 1
| #define HAVE_DIRENT_H 1
| #define HAVE_DLFCN_H 1
| /* end confdefs.h.  */
| #include <stdio.h>
| #if HAVE_SYS_TYPES_H
| # include <sys/types.h>
| #endif
| #if HAVE_SYS_STAT_H
| # include <sys/stat.h>
| #endif
| #if STDC_HEADERS
| # include <stdlib.h>
| # include <stddef.h>
| #else
| # if HAVE_STDLIB_H
| #  include <stdlib.h>
| # endif
| #endif
| #if HAVE_STRING_H
| # if !STDC_HEADERS && HAVE_MEMORY_H
| #  include <memory.h>
| # endif
| # include <string.h>
| #endif
| #if HAVE_STRINGS_H
| # include <strings.h>
| #endif
| #if HAVE_INTTYPES_H
| # include <inttypes.h>
| #else
| # if HAVE_STDINT_H
| #  include <stdint.h>
| # endif
| #endif
| #if HAVE_UNISTD_H
| # include <unistd.h>
| #endif
| #include <endian.h>
configure:5376: result: no
configure:5380: checking endian.h presence
configure:5390: gcc -E  conftest.c
conftest.c:27:10: fatal error: 'endian.h' file not found
#include <endian.h>
         ^
1 error generated.
configure:5396: $? = 1
configure: failed program was:
| /* confdefs.h.  */
| 
| #define PACKAGE_NAME ""
| #define PACKAGE_TARNAME ""
| #define PACKAGE_VERSION ""
| #define PACKAGE_STRING ""
| #define PACKAGE_BUGREPORT ""
| #define PACKAGE "libmcrypt"
| #define VERSION "2.5.8"
| #ifdef __cplusplus
| extern "C" void exit (int);
| #endif
| #define HAVE_DIRENT_H 1
| #define STDC_HEADERS 1
| #define HAVE_SYS_TYPES_H 1
| #define HAVE_SYS_STAT_H 1
| #define HAVE_STDLIB_H 1
| #define HAVE_STRING_H 1
| #define HAVE_MEMORY_H 1
| #define HAVE_STRINGS_H 1
| #define HAVE_INTTYPES_H 1
| #define HAVE_STDINT_H 1
| #define HAVE_UNISTD_H 1
| #define HAVE_DIRENT_H 1
| #define HAVE_DLFCN_H 1
| /* end confdefs.h.  */
| #include <endian.h>
configure:5416: result: no
configure:5451: checking for endian.h
configure:5458: result: no
configure:5335: checking malloc.h usability
configure:5347: gcc -c -g -O2  conftest.c >&5
conftest.c:61:10: fatal error: 'malloc.h' file not found
#include <malloc.h>
         ^
1 error generated.
configure:5353: $? = 1
configure: failed program was:
| /* confdefs.h.  */
| 
| #define PACKAGE_NAME ""
| #define PACKAGE_TARNAME ""
| #define PACKAGE_VERSION ""
| #define PACKAGE_STRING ""
| #define PACKAGE_BUGREPORT ""
| #define PACKAGE "libmcrypt"
| #define VERSION "2.5.8"
| #ifdef __cplusplus
| extern "C" void exit (int);
| #endif
| #define HAVE_DIRENT_H 1
| #define STDC_HEADERS 1
| #define HAVE_SYS_TYPES_H 1
| #define HAVE_SYS_STAT_H 1
| #define HAVE_STDLIB_H 1
| #define HAVE_STRING_H 1
| #define HAVE_MEMORY_H 1
| #define HAVE_STRINGS_H 1
| #define HAVE_INTTYPES_H 1
| #define HAVE_STDINT_H 1
| #define HAVE_UNISTD_H 1
| #define HAVE_DIRENT_H 1
| #define HAVE_DLFCN_H 1
| /* end confdefs.h.  */
| #include <stdio.h>
| #if HAVE_SYS_TYPES_H
| # include <sys/types.h>
| #endif
| #if HAVE_SYS_STAT_H
| # include <sys/stat.h>
| #endif
| #if STDC_HEADERS
| # include <stdlib.h>
| # include <stddef.h>
| #else
| # if HAVE_STDLIB_H
| #  include <stdlib.h>
| # endif
| #endif
| #if HAVE_STRING_H
| # if !STDC_HEADERS && HAVE_MEMORY_H
| #  include <memory.h>
| # endif
| # include <string.h>
| #endif
| #if HAVE_STRINGS_H
| # include <strings.h>
| #endif
| #if HAVE_INTTYPES_H
| # include <inttypes.h>
| #else
| # if HAVE_STDINT_H
| #  include <stdint.h>
| # endif
| #endif
| #if HAVE_UNISTD_H
| # include <unistd.h>
| #endif
| #include <malloc.h>
configure:5376: result: no
configure:5380: checking malloc.h presence
configure:5390: gcc -E  conftest.c
conftest.c:27:10: fatal error: 'malloc.h' file not found
#include <malloc.h>
         ^
1 error generated.
configure:5396: $? = 1
configure: failed program was:
| /* confdefs.h.  */
| 
| #define PACKAGE_NAME ""
| #define PACKAGE_TARNAME ""
| #define PACKAGE_VERSION ""
| #define PACKAGE_STRING ""
| #define PACKAGE_BUGREPORT ""
| #define PACKAGE "libmcrypt"
| #define VERSION "2.5.8"
| #ifdef __cplusplus
| extern "C" void exit (int);
| #endif
| #define HAVE_DIRENT_H 1
| #define STDC_HEADERS 1
| #define HAVE_SYS_TYPES_H 1
| #define HAVE_SYS_STAT_H 1
| #define HAVE_STDLIB_H 1
| #define HAVE_STRING_H 1
| #define HAVE_MEMORY_H 1
| #define HAVE_STRINGS_H 1
| #define HAVE_INTTYPES_H 1
| #define HAVE_STDINT_H 1
| #define HAVE_UNISTD_H 1
| #define HAVE_DIRENT_H 1
| #define HAVE_DLFCN_H 1
| /* end confdefs.h.  */
| #include <malloc.h>
configure:5416: result: no
configure:5451: checking for malloc.h
configure:5458: result: no
configure:5326: checking for memory.h
configure:5331: result: yes
configure:5478: checking for stdlib.h
configure:5483: result: yes
configure:5478: checking for string.h
configure:5483: result: yes
configure:5478: checking for strings.h
configure:5483: result: yes
configure:5639: checking sys/endian.h usability
configure:5651: gcc -c -g -O2  conftest.c >&5
conftest.c:65:10: fatal error: 'sys/endian.h' file not found
#include <sys/endian.h>
         ^
1 error generated.
configure:5657: $? = 1
configure: failed program was:
| /* confdefs.h.  */
| 
| #define PACKAGE_NAME ""
| #define PACKAGE_TARNAME ""
| #define PACKAGE_VERSION ""
| #define PACKAGE_STRING ""
| #define PACKAGE_BUGREPORT ""
| #define PACKAGE "libmcrypt"
| #define VERSION "2.5.8"
| #ifdef __cplusplus
| extern "C" void exit (int);
| #endif
| #define HAVE_DIRENT_H 1
| #define STDC_HEADERS 1
| #define HAVE_SYS_TYPES_H 1
| #define HAVE_SYS_STAT_H 1
| #define HAVE_STDLIB_H 1
| #define HAVE_STRING_H 1
| #define HAVE_MEMORY_H 1
| #define HAVE_STRINGS_H 1
| #define HAVE_INTTYPES_H 1
| #define HAVE_STDINT_H 1
| #define HAVE_UNISTD_H 1
| #define HAVE_DIRENT_H 1
| #define HAVE_DLFCN_H 1
| #define HAVE_MEMORY_H 1
| #define HAVE_STDLIB_H 1
| #define HAVE_STRING_H 1
| #define HAVE_STRINGS_H 1
| /* end confdefs.h.  */
| #include <stdio.h>
| #if HAVE_SYS_TYPES_H
| # include <sys/types.h>
| #endif
| #if HAVE_SYS_STAT_H
| # include <sys/stat.h>
| #endif
| #if STDC_HEADERS
| # include <stdlib.h>
| # include <stddef.h>
| #else
| # if HAVE_STDLIB_H
| #  include <stdlib.h>
| # endif
| #endif
| #if HAVE_STRING_H
| # if !STDC_HEADERS && HAVE_MEMORY_H
| #  include <memory.h>
| # endif
| # include <string.h>
| #endif
| #if HAVE_STRINGS_H
| # include <strings.h>
| #endif
| #if HAVE_INTTYPES_H
| # include <inttypes.h>
| #else
| # if HAVE_STDINT_H
| #  include <stdint.h>
| # endif
| #endif
| #if HAVE_UNISTD_H
| # include <unistd.h>
| #endif
| #include <sys/endian.h>
configure:5680: result: no
configure:5684: checking sys/endian.h presence
configure:5694: gcc -E  conftest.c
conftest.c:31:10: fatal error: 'sys/endian.h' file not found
#include <sys/endian.h>
         ^
1 error generated.
configure:5700: $? = 1
configure: failed program was:
| /* confdefs.h.  */
| 
| #define PACKAGE_NAME ""
| #define PACKAGE_TARNAME ""
| #define PACKAGE_VERSION ""
| #define PACKAGE_STRING ""
| #define PACKAGE_BUGREPORT ""
| #define PACKAGE "libmcrypt"
| #define VERSION "2.5.8"
| #ifdef __cplusplus
| extern "C" void exit (int);
| #endif
| #define HAVE_DIRENT_H 1
| #define STDC_HEADERS 1
| #define HAVE_SYS_TYPES_H 1
| #define HAVE_SYS_STAT_H 1
| #define HAVE_STDLIB_H 1
| #define HAVE_STRING_H 1
| #define HAVE_MEMORY_H 1
| #define HAVE_STRINGS_H 1
| #define HAVE_INTTYPES_H 1
| #define HAVE_STDINT_H 1
| #define HAVE_UNISTD_H 1
| #define HAVE_DIRENT_H 1
| #define HAVE_DLFCN_H 1
| #define HAVE_MEMORY_H 1
| #define HAVE_STDLIB_H 1
| #define HAVE_STRING_H 1
| #define HAVE_STRINGS_H 1
| /* end confdefs.h.  */
| #include <sys/endian.h>
configure:5720: result: no
configure:5755: checking for sys/endian.h
configure:5762: result: no
configure:5630: checking for sys/types.h
configure:5635: result: yes
configure:5639: checking sys/mman.h usability
configure:5651: gcc -c -g -O2  conftest.c >&5
configure:5657: $? = 0
configure:5661: test -z 
			 || test ! -s conftest.err
configure:5664: $? = 0
configure:5667: test -s conftest.o
configure:5670: $? = 0
configure:5680: result: yes
configure:5684: checking sys/mman.h presence
configure:5694: gcc -E  conftest.c
configure:5700: $? = 0
configure:5720: result: yes
configure:5755: checking for sys/mman.h
configure:5762: result: yes
configure:5790: checking limits.h usability
configure:5802: gcc -c -g -O2  conftest.c >&5
configure:5808: $? = 0
configure:5812: test -z 
			 || test ! -s conftest.err
configure:5815: $? = 0
configure:5818: test -s conftest.o
configure:5821: $? = 0
configure:5831: result: yes
configure:5835: checking limits.h presence
configure:5845: gcc -E  conftest.c
configure:5851: $? = 0
configure:5871: result: yes
configure:5906: checking for limits.h
configure:5913: result: yes
configure:5781: checking for unistd.h
configure:5786: result: yes
configure:5927: checking whether closedir returns void
configure:5956: gcc -o conftest -g -O2   conftest.c  >&5
configure:5959: $? = 0
configure:5961: ./conftest
configure:5964: $? = 0
configure:5978: result: no
configure:5993: checking for stdlib.h
configure:5998: result: yes
configure:6138: checking for GNU libc compatible malloc
configure:6167: gcc -o conftest -g -O2   conftest.c  >&5
configure:6170: $? = 0
configure:6172: ./conftest
configure:6175: $? = 0
configure:6189: result: yes
configure:6219: checking for working memcmp
configure:6267: gcc -o conftest -g -O2   conftest.c  >&5
configure:6270: $? = 0
configure:6272: ./conftest
configure:6275: $? = 0
configure:6289: result: yes
configure:6305: checking for stdlib.h
configure:6310: result: yes
configure:6450: checking for GNU libc compatible realloc
configure:6479: gcc -o conftest -g -O2   conftest.c  >&5
configure:6482: $? = 0
configure:6484: ./conftest
configure:6487: $? = 0
configure:6501: result: yes
configure:6543: checking for bzero
configure:6600: gcc -o conftest -g -O2   conftest.c  >&5
conftest.c:63:6: warning: incompatible redeclaration of library function 'bzero' [-Wincompatible-library-redeclaration]
char bzero ();
     ^
conftest.c:63:6: note: 'bzero' is a builtin with type 'void (void *, unsigned long)'
1 warning generated.
configure:6606: $? = 0
configure:6610: test -z 
			 || test ! -s conftest.err
configure:6613: $? = 0
configure:6616: test -s conftest
configure:6619: $? = 0
configure:6631: result: yes
configure:6543: checking for memmove
configure:6600: gcc -o conftest -g -O2   conftest.c  >&5
conftest.c:64:6: warning: incompatible redeclaration of library function 'memmove' [-Wincompatible-library-redeclaration]
char memmove ();
     ^
conftest.c:64:6: note: 'memmove' is a builtin with type 'void *(void *, const void *, unsigned long)'
1 warning generated.
configure:6606: $? = 0
configure:6610: test -z 
			 || test ! -s conftest.err
configure:6613: $? = 0
configure:6616: test -s conftest
configure:6619: $? = 0
configure:6631: result: yes
configure:6543: checking for memset
configure:6600: gcc -o conftest -g -O2   conftest.c  >&5
conftest.c:65:6: warning: incompatible redeclaration of library function 'memset' [-Wincompatible-library-redeclaration]
char memset ();
     ^
conftest.c:65:6: note: 'memset' is a builtin with type 'void *(void *, int, unsigned long)'
1 warning generated.
configure:6606: $? = 0
configure:6610: test -z 
			 || test ! -s conftest.err
configure:6613: $? = 0
configure:6616: test -s conftest
configure:6619: $? = 0
configure:6631: result: yes
configure:6543: checking for mlock
configure:6600: gcc -o conftest -g -O2   conftest.c  >&5
configure:6606: $? = 0
configure:6610: test -z 
			 || test ! -s conftest.err
configure:6613: $? = 0
configure:6616: test -s conftest
configure:6619: $? = 0
configure:6631: result: yes
configure:6543: checking for readdir_r
configure:6600: gcc -o conftest -g -O2   conftest.c  >&5
configure:6606: $? = 0
configure:6610: test -z 
			 || test ! -s conftest.err
configure:6613: $? = 0
configure:6616: test -s conftest
configure:6619: $? = 0
configure:6631: result: yes
configure:6543: checking for strchr
configure:6600: gcc -o conftest -g -O2   conftest.c  >&5
conftest.c:68:6: warning: incompatible redeclaration of library function 'strchr' [-Wincompatible-library-redeclaration]
char strchr ();
     ^
conftest.c:68:6: note: 'strchr' is a builtin with type 'char *(const char *, int)'
1 warning generated.
configure:6606: $? = 0
configure:6610: test -z 
			 || test ! -s conftest.err
configure:6613: $? = 0
configure:6616: test -s conftest
configure:6619: $? = 0
configure:6631: result: yes
configure:6543: checking for strdup
configure:6600: gcc -o conftest -g -O2   conftest.c  >&5
conftest.c:69:6: warning: incompatible redeclaration of library function 'strdup' [-Wincompatible-library-redeclaration]
char strdup ();
     ^
conftest.c:69:6: note: 'strdup' is a builtin with type 'char *(const char *)'
1 warning generated.
configure:6606: $? = 0
configure:6610: test -z 
			 || test ! -s conftest.err
configure:6613: $? = 0
configure:6616: test -s conftest
configure:6619: $? = 0
configure:6631: result: yes
configure:6543: checking for strrchr
configure:6600: gcc -o conftest -g -O2   conftest.c  >&5
conftest.c:70:6: warning: incompatible redeclaration of library function 'strrchr' [-Wincompatible-library-redeclaration]
char strrchr ();
     ^
conftest.c:70:6: note: 'strrchr' is a builtin with type 'char *(const char *, int)'
1 warning generated.
configure:6606: $? = 0
configure:6610: test -z 
			 || test ! -s conftest.err
configure:6613: $? = 0
configure:6616: test -s conftest
configure:6619: $? = 0
configure:6631: result: yes
configure:6645: checking for readdir,,
configure:6702: gcc -o conftest -g -O2   conftest.c  >&5
conftest.c:49:16: warning: ISO C99 requires whitespace after the macro name [-Wc99-extensions]
#define readdir,, innocuous_readdir,,
               ^
conftest.c:62:15: warning: extra tokens at end of #undef directive [-Wextra-tokens]
#undef readdir,,
              ^
              //
conftest.c:71:14: error: expected identifier or '('
char readdir,, ();
             ^
conftest.c:71:17: error: expected identifier or '('
char readdir,, ();
                ^
conftest.c:75:28: error: missing ')' after 'defined'
#if defined (__stub_readdir,,) || defined (__stub___readdir,,)
                           ^
conftest.c:75:13: note: to match this '('
#if defined (__stub_readdir,,) || defined (__stub___readdir,,)
            ^
conftest.c:78:8: warning: incompatible integer to pointer conversion initializing 'char (*)()' with an expression of type 'char' [-Wint-conversion]
char (*f) () = readdir,,;
       ^       ~~~~~~~
conftest.c:78:16: error: initializer element is not a compile-time constant
char (*f) () = readdir,,;
               ^~~~~~~
conftest.c:78:24: error: expected identifier or '('
char (*f) () = readdir,,;
                       ^
conftest.c:78:25: error: expected identifier or '('
char (*f) () = readdir,,;
                        ^
conftest.c:87:10: warning: comparison between pointer and integer ('char (*)()' and 'int')
return f != readdir,,;
       ~ ^  ~~~~~~~
conftest.c:87:21: error: expected expression
return f != readdir,,;
                    ^
conftest.c:87:22: error: expected expression
return f != readdir,,;
                     ^
4 warnings and 8 errors generated.
configure:6708: $? = 1
configure: failed program was:
| /* confdefs.h.  */
| 
| #define PACKAGE_NAME ""
| #define PACKAGE_TARNAME ""
| #define PACKAGE_VERSION ""
| #define PACKAGE_STRING ""
| #define PACKAGE_BUGREPORT ""
| #define PACKAGE "libmcrypt"
| #define VERSION "2.5.8"
| #ifdef __cplusplus
| extern "C" void exit (int);
| #endif
| #define HAVE_DIRENT_H 1
| #define STDC_HEADERS 1
| #define HAVE_SYS_TYPES_H 1
| #define HAVE_SYS_STAT_H 1
| #define HAVE_STDLIB_H 1
| #define HAVE_STRING_H 1
| #define HAVE_MEMORY_H 1
| #define HAVE_STRINGS_H 1
| #define HAVE_INTTYPES_H 1
| #define HAVE_STDINT_H 1
| #define HAVE_UNISTD_H 1
| #define HAVE_DIRENT_H 1
| #define HAVE_DLFCN_H 1
| #define HAVE_MEMORY_H 1
| #define HAVE_STDLIB_H 1
| #define HAVE_STRING_H 1
| #define HAVE_STRINGS_H 1
| #define HAVE_SYS_TYPES_H 1
| #define HAVE_SYS_MMAN_H 1
| #define HAVE_LIMITS_H 1
| #define HAVE_UNISTD_H 1
| #define HAVE_STDLIB_H 1
| #define HAVE_MALLOC 1
| #define HAVE_STDLIB_H 1
| #define HAVE_REALLOC 1
| #define HAVE_BZERO 1
| #define HAVE_MEMMOVE 1
| #define HAVE_MEMSET 1
| #define HAVE_MLOCK 1
| #define HAVE_READDIR_R 1
| #define HAVE_STRCHR 1
| #define HAVE_STRDUP 1
| #define HAVE_STRRCHR 1
| /* end confdefs.h.  */
| /* Define readdir,, to an innocuous variant, in case <limits.h> declares readdir,,.
|    For example, HP-UX 11i <limits.h> declares gettimeofday.  */
| #define readdir,, innocuous_readdir,,
| 
| /* System header to define __stub macros and hopefully few prototypes,
|     which can conflict with char readdir,, (); below.
|     Prefer <limits.h> to <assert.h> if __STDC__ is defined, since
|     <limits.h> exists even on freestanding compilers.  */
| 
| #ifdef __STDC__
| # include <limits.h>
| #else
| # include <assert.h>
| #endif
| 
| #undef readdir,,
| 
| /* Override any gcc2 internal prototype to avoid an error.  */
| #ifdef __cplusplus
| extern "C"
| {
| #endif
| /* We use char because int might match the return type of a gcc2
|    builtin and then its argument prototype would still apply.  */
| char readdir,, ();
| /* The GNU C library defines this for functions which it implements
|     to always fail with ENOSYS.  Some functions are actually named
|     something starting with __ and the normal name is an alias.  */
| #if defined (__stub_readdir,,) || defined (__stub___readdir,,)
| choke me
| #else
| char (*f) () = readdir,,;
| #endif
| #ifdef __cplusplus
| }
| #endif
| 
| int
| main ()
| {
| return f != readdir,,;
|   ;
|   return 0;
| }
configure:6733: result: no
configure:6747: checking for bcopy,,
configure:6804: gcc -o conftest -g -O2   conftest.c  >&5
conftest.c:49:14: warning: ISO C99 requires whitespace after the macro name [-Wc99-extensions]
#define bcopy,, innocuous_bcopy,,
             ^
conftest.c:62:13: warning: extra tokens at end of #undef directive [-Wextra-tokens]
#undef bcopy,,
            ^
            //
conftest.c:71:12: error: expected identifier or '('
char bcopy,, ();
           ^
conftest.c:71:15: error: expected identifier or '('
char bcopy,, ();
              ^
conftest.c:75:26: error: missing ')' after 'defined'
#if defined (__stub_bcopy,,) || defined (__stub___bcopy,,)
                         ^
conftest.c:75:13: note: to match this '('
#if defined (__stub_bcopy,,) || defined (__stub___bcopy,,)
            ^
conftest.c:78:8: warning: incompatible integer to pointer conversion initializing 'char (*)()' with an expression of type 'char' [-Wint-conversion]
char (*f) () = bcopy,,;
       ^       ~~~~~
conftest.c:78:16: error: initializer element is not a compile-time constant
char (*f) () = bcopy,,;
               ^~~~~
conftest.c:78:22: error: expected identifier or '('
char (*f) () = bcopy,,;
                     ^
conftest.c:78:23: error: expected identifier or '('
char (*f) () = bcopy,,;
                      ^
conftest.c:87:10: warning: comparison between pointer and integer ('char (*)()' and 'int')
return f != bcopy,,;
       ~ ^  ~~~~~
conftest.c:87:19: error: expected expression
return f != bcopy,,;
                  ^
conftest.c:87:20: error: expected expression
return f != bcopy,,;
                   ^
4 warnings and 8 errors generated.
configure:6810: $? = 1
configure: failed program was:
| /* confdefs.h.  */
| 
| #define PACKAGE_NAME ""
| #define PACKAGE_TARNAME ""
| #define PACKAGE_VERSION ""
| #define PACKAGE_STRING ""
| #define PACKAGE_BUGREPORT ""
| #define PACKAGE "libmcrypt"
| #define VERSION "2.5.8"
| #ifdef __cplusplus
| extern "C" void exit (int);
| #endif
| #define HAVE_DIRENT_H 1
| #define STDC_HEADERS 1
| #define HAVE_SYS_TYPES_H 1
| #define HAVE_SYS_STAT_H 1
| #define HAVE_STDLIB_H 1
| #define HAVE_STRING_H 1
| #define HAVE_MEMORY_H 1
| #define HAVE_STRINGS_H 1
| #define HAVE_INTTYPES_H 1
| #define HAVE_STDINT_H 1
| #define HAVE_UNISTD_H 1
| #define HAVE_DIRENT_H 1
| #define HAVE_DLFCN_H 1
| #define HAVE_MEMORY_H 1
| #define HAVE_STDLIB_H 1
| #define HAVE_STRING_H 1
| #define HAVE_STRINGS_H 1
| #define HAVE_SYS_TYPES_H 1
| #define HAVE_SYS_MMAN_H 1
| #define HAVE_LIMITS_H 1
| #define HAVE_UNISTD_H 1
| #define HAVE_STDLIB_H 1
| #define HAVE_MALLOC 1
| #define HAVE_STDLIB_H 1
| #define HAVE_REALLOC 1
| #define HAVE_BZERO 1
| #define HAVE_MEMMOVE 1
| #define HAVE_MEMSET 1
| #define HAVE_MLOCK 1
| #define HAVE_READDIR_R 1
| #define HAVE_STRCHR 1
| #define HAVE_STRDUP 1
| #define HAVE_STRRCHR 1
| /* end confdefs.h.  */
| /* Define bcopy,, to an innocuous variant, in case <limits.h> declares bcopy,,.
|    For example, HP-UX 11i <limits.h> declares gettimeofday.  */
| #define bcopy,, innocuous_bcopy,,
| 
| /* System header to define __stub macros and hopefully few prototypes,
|     which can conflict with char bcopy,, (); below.
|     Prefer <limits.h> to <assert.h> if __STDC__ is defined, since
|     <limits.h> exists even on freestanding compilers.  */
| 
| #ifdef __STDC__
| # include <limits.h>
| #else
| # include <assert.h>
| #endif
| 
| #undef bcopy,,
| 
| /* Override any gcc2 internal prototype to avoid an error.  */
| #ifdef __cplusplus
| extern "C"
| {
| #endif
| /* We use char because int might match the return type of a gcc2
|    builtin and then its argument prototype would still apply.  */
| char bcopy,, ();
| /* The GNU C library defines this for functions which it implements
|     to always fail with ENOSYS.  Some functions are actually named
|     something starting with __ and the normal name is an alias.  */
| #if defined (__stub_bcopy,,) || defined (__stub___bcopy,,)
| choke me
| #else
| char (*f) () = bcopy,,;
| #endif
| #ifdef __cplusplus
| }
| #endif
| 
| int
| main ()
| {
| return f != bcopy,,;
|   ;
|   return 0;
| }
configure:6835: result: no
configure:6846: checking whether byte ordering is bigendian
configure:6873: gcc -c -g -O2  conftest.c >&5
configure:6879: $? = 0
configure:6883: test -z 
			 || test ! -s conftest.err
configure:6886: $? = 0
configure:6889: test -s conftest.o
configure:6892: $? = 0
configure:6916: gcc -c -g -O2  conftest.c >&5
conftest.c:54:2: error: use of undeclared identifier 'not'
 not big endian
 ^
1 error generated.
configure:6922: $? = 1
configure: failed program was:
| /* confdefs.h.  */
| 
| #define PACKAGE_NAME ""
| #define PACKAGE_TARNAME ""
| #define PACKAGE_VERSION ""
| #define PACKAGE_STRING ""
| #define PACKAGE_BUGREPORT ""
| #define PACKAGE "libmcrypt"
| #define VERSION "2.5.8"
| #ifdef __cplusplus
| extern "C" void exit (int);
| #endif
| #define HAVE_DIRENT_H 1
| #define STDC_HEADERS 1
| #define HAVE_SYS_TYPES_H 1
| #define HAVE_SYS_STAT_H 1
| #define HAVE_STDLIB_H 1
| #define HAVE_STRING_H 1
| #define HAVE_MEMORY_H 1
| #define HAVE_STRINGS_H 1
| #define HAVE_INTTYPES_H 1
| #define HAVE_STDINT_H 1
| #define HAVE_UNISTD_H 1
| #define HAVE_DIRENT_H 1
| #define HAVE_DLFCN_H 1
| #define HAVE_MEMORY_H 1
| #define HAVE_STDLIB_H 1
| #define HAVE_STRING_H 1
| #define HAVE_STRINGS_H 1
| #define HAVE_SYS_TYPES_H 1
| #define HAVE_SYS_MMAN_H 1
| #define HAVE_LIMITS_H 1
| #define HAVE_UNISTD_H 1
| #define HAVE_STDLIB_H 1
| #define HAVE_MALLOC 1
| #define HAVE_STDLIB_H 1
| #define HAVE_REALLOC 1
| #define HAVE_BZERO 1
| #define HAVE_MEMMOVE 1
| #define HAVE_MEMSET 1
| #define HAVE_MLOCK 1
| #define HAVE_READDIR_R 1
| #define HAVE_STRCHR 1
| #define HAVE_STRDUP 1
| #define HAVE_STRRCHR 1
| /* end confdefs.h.  */
| #include <sys/types.h>
| #include <sys/param.h>
| 
| int
| main ()
| {
| #if BYTE_ORDER != BIG_ENDIAN
|  not big endian
| #endif
| 
|   ;
|   return 0;
| }
configure:7057: result: no
configure:7076: checking for unsigned long int
configure:7100: gcc -c -g -O2  conftest.c >&5
configure:7106: $? = 0
configure:7110: test -z 
			 || test ! -s conftest.err
configure:7113: $? = 0
configure:7116: test -s conftest.o
configure:7119: $? = 0
configure:7130: result: yes
configure:7133: checking size of unsigned long int
configure:7452: gcc -o conftest -g -O2   conftest.c  >&5
configure:7455: $? = 0
configure:7457: ./conftest
configure:7460: $? = 0
configure:7483: result: 8
configure:7490: checking for unsigned int
configure:7514: gcc -c -g -O2  conftest.c >&5
configure:7520: $? = 0
configure:7524: test -z 
			 || test ! -s conftest.err
configure:7527: $? = 0
configure:7530: test -s conftest.o
configure:7533: $? = 0
configure:7544: result: yes
configure:7547: checking size of unsigned int
configure:7866: gcc -o conftest -g -O2   conftest.c  >&5
configure:7869: $? = 0
configure:7871: ./conftest
configure:7874: $? = 0
configure:7897: result: 4
configure:7904: checking for unsigned short int
configure:7928: gcc -c -g -O2  conftest.c >&5
configure:7934: $? = 0
configure:7938: test -z 
			 || test ! -s conftest.err
configure:7941: $? = 0
configure:7944: test -s conftest.o
configure:7947: $? = 0
configure:7958: result: yes
configure:7961: checking size of unsigned short int
configure:8280: gcc -o conftest -g -O2   conftest.c  >&5
configure:8283: $? = 0
configure:8285: ./conftest
configure:8288: $? = 0
configure:8311: result: 2
configure:8318: checking for unsigned char
configure:8342: gcc -c -g -O2  conftest.c >&5
configure:8348: $? = 0
configure:8352: test -z 
			 || test ! -s conftest.err
configure:8355: $? = 0
configure:8358: test -s conftest.o
configure:8361: $? = 0
configure:8372: result: yes
configure:8375: checking size of unsigned char
configure:8694: gcc -o conftest -g -O2   conftest.c  >&5
configure:8697: $? = 0
configure:8699: ./conftest
configure:8702: $? = 0
configure:8725: result: 1
configure:8788: checking for a sed that does not truncate output
configure:8844: result: /usr/bin/sed
configure:8858: checking for ld used by gcc
configure:8925: result: /Applications/Xcode.app/Contents/Developer/Toolchains/XcodeDefault.xctoolchain/usr/bin/ld
configure:8934: checking if the linker (/Applications/Xcode.app/Contents/Developer/Toolchains/XcodeDefault.xctoolchain/usr/bin/ld) is GNU ld
configure:8949: result: no
configure:8954: checking for /Applications/Xcode.app/Contents/Developer/Toolchains/XcodeDefault.xctoolchain/usr/bin/ld option to reload object files
configure:8961: result: -r
configure:8979: checking for BSD-compatible nm
configure:9028: result: /usr/bin/nm -B
configure:9032: checking how to recognise dependent libraries
configure:9208: result: pass_all
configure:9686: checking for dlfcn.h
configure:9691: result: yes
configure:9841: checking how to run the C++ preprocessor
configure:9872: g++ -E  conftest.cc
configure:9878: $? = 0
configure:9910: g++ -E  conftest.cc
conftest.cc:52:10: fatal error: 'ac_nonexistent.h' file not found
#include <ac_nonexistent.h>
         ^
1 error generated.
configure:9916: $? = 1
configure: failed program was:
| /* confdefs.h.  */
| 
| #define PACKAGE_NAME ""
| #define PACKAGE_TARNAME ""
| #define PACKAGE_VERSION ""
| #define PACKAGE_STRING ""
| #define PACKAGE_BUGREPORT ""
| #define PACKAGE "libmcrypt"
| #define VERSION "2.5.8"
| #ifdef __cplusplus
| extern "C" void exit (int);
| #endif
| #define HAVE_DIRENT_H 1
| #define STDC_HEADERS 1
| #define HAVE_SYS_TYPES_H 1
| #define HAVE_SYS_STAT_H 1
| #define HAVE_STDLIB_H 1
| #define HAVE_STRING_H 1
| #define HAVE_MEMORY_H 1
| #define HAVE_STRINGS_H 1
| #define HAVE_INTTYPES_H 1
| #define HAVE_STDINT_H 1
| #define HAVE_UNISTD_H 1
| #define HAVE_DIRENT_H 1
| #define HAVE_DLFCN_H 1
| #define HAVE_MEMORY_H 1
| #define HAVE_STDLIB_H 1
| #define HAVE_STRING_H 1
| #define HAVE_STRINGS_H 1
| #define HAVE_SYS_TYPES_H 1
| #define HAVE_SYS_MMAN_H 1
| #define HAVE_LIMITS_H 1
| #define HAVE_UNISTD_H 1
| #define HAVE_STDLIB_H 1
| #define HAVE_MALLOC 1
| #define HAVE_STDLIB_H 1
| #define HAVE_REALLOC 1
| #define HAVE_BZERO 1
| #define HAVE_MEMMOVE 1
| #define HAVE_MEMSET 1
| #define HAVE_MLOCK 1
| #define HAVE_READDIR_R 1
| #define HAVE_STRCHR 1
| #define HAVE_STRDUP 1
| #define HAVE_STRRCHR 1
| #define SIZEOF_UNSIGNED_LONG_INT 8
| #define SIZEOF_UNSIGNED_INT 4
| #define SIZEOF_UNSIGNED_SHORT_INT 2
| #define SIZEOF_UNSIGNED_CHAR 1
| #define HAVE_DLFCN_H 1
| /* end confdefs.h.  */
| #include <ac_nonexistent.h>
configure:9955: result: g++ -E
configure:9979: g++ -E  conftest.cc
configure:9985: $? = 0
configure:10017: g++ -E  conftest.cc
conftest.cc:52:10: fatal error: 'ac_nonexistent.h' file not found
#include <ac_nonexistent.h>
         ^
1 error generated.
configure:10023: $? = 1
configure: failed program was:
| /* confdefs.h.  */
| 
| #define PACKAGE_NAME ""
| #define PACKAGE_TARNAME ""
| #define PACKAGE_VERSION ""
| #define PACKAGE_STRING ""
| #define PACKAGE_BUGREPORT ""
| #define PACKAGE "libmcrypt"
| #define VERSION "2.5.8"
| #ifdef __cplusplus
| extern "C" void exit (int);
| #endif
| #define HAVE_DIRENT_H 1
| #define STDC_HEADERS 1
| #define HAVE_SYS_TYPES_H 1
| #define HAVE_SYS_STAT_H 1
| #define HAVE_STDLIB_H 1
| #define HAVE_STRING_H 1
| #define HAVE_MEMORY_H 1
| #define HAVE_STRINGS_H 1
| #define HAVE_INTTYPES_H 1
| #define HAVE_STDINT_H 1
| #define HAVE_UNISTD_H 1
| #define HAVE_DIRENT_H 1
| #define HAVE_DLFCN_H 1
| #define HAVE_MEMORY_H 1
| #define HAVE_STDLIB_H 1
| #define HAVE_STRING_H 1
| #define HAVE_STRINGS_H 1
| #define HAVE_SYS_TYPES_H 1
| #define HAVE_SYS_MMAN_H 1
| #define HAVE_LIMITS_H 1
| #define HAVE_UNISTD_H 1
| #define HAVE_STDLIB_H 1
| #define HAVE_MALLOC 1
| #define HAVE_STDLIB_H 1
| #define HAVE_REALLOC 1
| #define HAVE_BZERO 1
| #define HAVE_MEMMOVE 1
| #define HAVE_MEMSET 1
| #define HAVE_MLOCK 1
| #define HAVE_READDIR_R 1
| #define HAVE_STRCHR 1
| #define HAVE_STRDUP 1
| #define HAVE_STRRCHR 1
| #define SIZEOF_UNSIGNED_LONG_INT 8
| #define SIZEOF_UNSIGNED_INT 4
| #define SIZEOF_UNSIGNED_SHORT_INT 2
| #define SIZEOF_UNSIGNED_CHAR 1
| #define HAVE_DLFCN_H 1
| /* end confdefs.h.  */
| #include <ac_nonexistent.h>
configure:10120: checking for g77
configure:10149: result: no
configure:10120: checking for f77
configure:10149: result: no
configure:10120: checking for xlf
configure:10149: result: no
configure:10120: checking for frt
configure:10149: result: no
configure:10120: checking for pgf77
configure:10149: result: no
configure:10120: checking for fort77
configure:10149: result: no
configure:10120: checking for fl32
configure:10149: result: no
configure:10120: checking for af77
configure:10149: result: no
configure:10120: checking for f90
configure:10149: result: no
configure:10120: checking for xlf90
configure:10149: result: no
configure:10120: checking for pgf90
configure:10149: result: no
configure:10120: checking for epcf90
configure:10149: result: no
configure:10120: checking for f95
configure:10149: result: no
configure:10120: checking for fort
configure:10149: result: no
configure:10120: checking for xlf95
configure:10149: result: no
configure:10120: checking for ifc
configure:10149: result: no
configure:10120: checking for efc
configure:10149: result: no
configure:10120: checking for pgf95
configure:10149: result: no
configure:10120: checking for lf95
configure:10149: result: no
configure:10120: checking for gfortran
configure:10149: result: no
configure:10161: checking for Fortran 77 compiler version
configure:10164:  --version </dev/null >&5
./configure: line 10165: --version: command not found
configure:10167: $? = 127
configure:10169:  -v </dev/null >&5
./configure: line 10170: -v: command not found
configure:10172: $? = 127
configure:10174:  -V </dev/null >&5
./configure: line 10175: -V: command not found
configure:10177: $? = 127
configure:10185: checking whether we are using the GNU Fortran 77 compiler
configure:10199:  -c  conftest.F >&5
./configure: line 10200: -c: command not found
configure:10205: $? = 127
configure: failed program was:
|       program main
| #ifndef __GNUC__
|        choke me
| #endif
| 
|       end
configure:10231: result: no
configure:10237: checking whether  accepts -g
configure:10249:  -c -g conftest.f >&5
./configure: line 10250: -c: command not found
configure:10255: $? = 127
configure: failed program was:
|       program main
| 
|       end
configure:10280: result: no
configure:10310: checking the maximum length of command line arguments
configure:10419: result: 196608
configure:10430: checking command to parse /usr/bin/nm -B output from gcc object
configure:10535: gcc -c -g -O2  conftest.c >&5
configure:10538: $? = 0
configure:10542: /usr/bin/nm -B conftest.o \| sed -n -e 's/^.*[ 	]\([BCDEGRST][BCDEGRST]*\)[ 	][ 	]*\([_A-Za-z][_A-Za-z0-9]*\)$/\1 \2 \2/p' \> conftest.nm
configure:10545: $? = 0
cannot find nm_test_var in conftest.nm
configure:10535: gcc -c -g -O2  conftest.c >&5
configure:10538: $? = 0
configure:10542: /usr/bin/nm -B conftest.o \| sed -n -e 's/^.*[ 	]\([BCDEGRST][BCDEGRST]*\)[ 	][ 	]*_\([_A-Za-z][_A-Za-z0-9]*\)$/\1 _\2 \2/p' \> conftest.nm
configure:10545: $? = 0
configure:10597: gcc -o conftest -g -O2   conftest.c conftstm.o >&5
warning: (x86_64)  could not find object file symbol for symbol _main
configure:10600: $? = 0
configure:10638: result: ok
configure:10642: checking for objdir
configure:10657: result: .libs
configure:10747: checking for ar
configure:10763: found /usr/bin/ar
configure:10774: result: ar
configure:10827: checking for ranlib
configure:10843: found /usr/bin/ranlib
configure:10854: result: ranlib
configure:10907: checking for strip
configure:10923: found /usr/bin/strip
configure:10934: result: strip
configure:11206: checking if gcc supports -fno-rtti -fno-exceptions
configure:11224: gcc -c -g -O2  -fno-rtti -fno-exceptions conftest.c >&5
configure:11228: $? = 0
configure:11241: result: yes
configure:11256: checking for gcc option to produce PIC
configure:11466: result: -fno-common
configure:11474: checking if gcc PIC flag -fno-common works
configure:11492: gcc -c -g -O2  -fno-common -DPIC conftest.c >&5
configure:11496: $? = 0
configure:11509: result: yes
configure:11537: checking if gcc static flag -static works
configure:11565: result: no
configure:11575: checking if gcc supports -c -o file.o
configure:11596: gcc -c -g -O2  -o out/conftest2.o conftest.c >&5
configure:11600: $? = 0
configure:11622: result: yes
configure:11648: checking whether the gcc linker (/Applications/Xcode.app/Contents/Developer/Toolchains/XcodeDefault.xctoolchain/usr/bin/ld) supports shared libraries
configure:12606: result: yes
configure:12673: checking dynamic linker characteristics
configure:13282: result: darwin15.4.0 dyld
configure:13291: checking how to hardcode library paths into programs
configure:13316: result: immediate
configure:13330: checking whether stripping libraries is possible
configure:13343: result: yes
configure:13384: checking for dlopen in -ldl
configure:13414: gcc -o conftest -g -O2   conftest.c -ldl   >&5
configure:13420: $? = 0
configure:13424: test -z 
			 || test ! -s conftest.err
configure:13427: $? = 0
configure:13430: test -s conftest
configure:13433: $? = 0
configure:13446: result: yes
configure:13951: checking whether a program can dlopen itself
configure:14025: gcc -o conftest -g -O2  -DHAVE_DLFCN_H   conftest.c -ldl  >&5
configure:14021:5: warning: implicitly declaring library function 'exit' with type 'void (int) __attribute__((noreturn))' [-Wimplicit-function-declaration]
    exit (status);
    ^
configure:14021:5: note: include the header <stdlib.h> or explicitly provide a declaration for 'exit'
1 warning generated.
configure:14028: $? = 0
configure:14046: result: yes
configure:14051: checking whether a statically linked program can dlopen itself
configure:14125: gcc -o conftest -g -O2  -DHAVE_DLFCN_H    conftest.c -ldl  >&5
configure:14121:5: warning: implicitly declaring library function 'exit' with type 'void (int) __attribute__((noreturn))' [-Wimplicit-function-declaration]
    exit (status);
    ^
configure:14121:5: note: include the header <stdlib.h> or explicitly provide a declaration for 'exit'
1 warning generated.
configure:14128: $? = 0
configure:14146: result: yes
configure:14169: checking if libtool supports shared libraries
configure:14171: result: yes
configure:14174: checking whether to build shared libraries
configure:14195: result: yes
configure:14198: checking whether to build static libraries
configure:14202: result: 
configure:14294: creating libtool
configure:14885: checking for ld used by g++
configure:14952: result: /Applications/Xcode.app/Contents/Developer/Toolchains/XcodeDefault.xctoolchain/usr/bin/ld
configure:14961: checking if the linker (/Applications/Xcode.app/Contents/Developer/Toolchains/XcodeDefault.xctoolchain/usr/bin/ld) is GNU ld
configure:14976: result: no
configure:15027: checking whether the g++ linker (/Applications/Xcode.app/Contents/Developer/Toolchains/XcodeDefault.xctoolchain/usr/bin/ld) supports shared libraries
configure:15965: result: yes
configure:15983: g++ -c -g -O2  conftest.cpp >&5
configure:15986: $? = 0
configure:16105: checking for g++ option to produce PIC
configure:16379: result: -fno-common
configure:16387: checking if g++ PIC flag -fno-common works
configure:16405: g++ -c -g -O2  -fno-common -DPIC conftest.cpp >&5
configure:16409: $? = 0
configure:16422: result: yes
configure:16450: checking if g++ static flag -static works
configure:16478: result: no
configure:16488: checking if g++ supports -c -o file.o
configure:16509: g++ -c -g -O2  -o out/conftest2.o conftest.cpp >&5
configure:16513: $? = 0
configure:16535: result: yes
configure:16561: checking whether the g++ linker (/Applications/Xcode.app/Contents/Developer/Toolchains/XcodeDefault.xctoolchain/usr/bin/ld) supports shared libraries
configure:16586: result: yes
configure:16653: checking dynamic linker characteristics
configure:17262: result: darwin15.4.0 dyld
configure:17271: checking how to hardcode library paths into programs
configure:17296: result: immediate
configure:23636: creating ./config.status

## ---------------------- ##
## Running config.status. ##
## ---------------------- ##

This file was extended by config.status, which was
generated by GNU Autoconf 2.59.  Invocation command line was

  CONFIG_FILES    = 
  CONFIG_HEADERS  = 
  CONFIG_LINKS    = 
  CONFIG_COMMANDS = 
  $ ./config.status 

on omega

config.status:763: creating Makefile
config.status:763: creating libmcrypt.spec
config.status:763: creating lib/Makefile
config.status:763: creating doc/Makefile
config.status:763: creating src/Makefile
config.status:763: creating include/mutils/mcrypt.h
config.status:763: creating include/Makefile
config.status:763: creating modules/Makefile
config.status:763: creating modules/modes/Makefile
config.status:763: creating modules/algorithms/Makefile
config.status:763: creating lib/libmcrypt-config
config.status:867: creating config.h
config.status:1047: config.h is unchanged
config.status:1227: executing depfiles commands
config.status:1227: executing default-1 commands

## ---------------- ##
## Cache variables. ##
## ---------------- ##

ac_cv_build=i686-apple-darwin15.4.0
ac_cv_build_alias=i686-apple-darwin15.4.0
ac_cv_c_bigendian=no
ac_cv_c_compiler_gnu=yes
ac_cv_c_const=yes
ac_cv_c_inline=inline
ac_cv_cxx_compiler_gnu=yes
ac_cv_env_CC_set=
ac_cv_env_CC_value=
ac_cv_env_CFLAGS_set=
ac_cv_env_CFLAGS_value=
ac_cv_env_CPPFLAGS_set=
ac_cv_env_CPPFLAGS_value=
ac_cv_env_CPP_set=
ac_cv_env_CPP_value=
ac_cv_env_CXXCPP_set=
ac_cv_env_CXXCPP_value=
ac_cv_env_CXXFLAGS_set=
ac_cv_env_CXXFLAGS_value=
ac_cv_env_CXX_set=
ac_cv_env_CXX_value=
ac_cv_env_F77_set=
ac_cv_env_F77_value=
ac_cv_env_FFLAGS_set=
ac_cv_env_FFLAGS_value=
ac_cv_env_LDFLAGS_set=
ac_cv_env_LDFLAGS_value=
ac_cv_env_build_alias_set=
ac_cv_env_build_alias_value=
ac_cv_env_host_alias_set=
ac_cv_env_host_alias_value=
ac_cv_env_target_alias_set=
ac_cv_env_target_alias_value=
ac_cv_exeext=
ac_cv_f77_compiler_gnu=no
ac_cv_func_bcopy__=no
ac_cv_func_bzero=yes
ac_cv_func_closedir_void=no
ac_cv_func_malloc_0_nonnull=yes
ac_cv_func_memcmp_working=yes
ac_cv_func_memmove=yes
ac_cv_func_memset=yes
ac_cv_func_mlock=yes
ac_cv_func_readdir__=no
ac_cv_func_readdir_r=yes
ac_cv_func_realloc_0_nonnull=yes
ac_cv_func_strchr=yes
ac_cv_func_strdup=yes
ac_cv_func_strrchr=yes
ac_cv_header_argz_h=no
ac_cv_header_byteswap_h=no
ac_cv_header_dirent_dirent_h=yes
ac_cv_header_dirent_h=yes
ac_cv_header_dlfcn_h=yes
ac_cv_header_endian_h=no
ac_cv_header_inttypes_h=yes
ac_cv_header_limits_h=yes
ac_cv_header_malloc_h=no
ac_cv_header_memory_h=yes
ac_cv_header_stdc=yes
ac_cv_header_stdint_h=yes
ac_cv_header_stdlib_h=yes
ac_cv_header_string_h=yes
ac_cv_header_strings_h=yes
ac_cv_header_sys_endian_h=no
ac_cv_header_sys_mman_h=yes
ac_cv_header_sys_stat_h=yes
ac_cv_header_sys_types_h=yes
ac_cv_header_unistd_h=yes
ac_cv_host=i686-apple-darwin15.4.0
ac_cv_host_alias=i686-apple-darwin15.4.0
ac_cv_lib_dl_dlopen=yes
ac_cv_objext=o
ac_cv_path_install='/usr/bin/install -c'
ac_cv_prog_AWK=awk
ac_cv_prog_CPP='gcc -E'
ac_cv_prog_CXXCPP='g++ -E'
ac_cv_prog_ac_ct_AR=ar
ac_cv_prog_ac_ct_CC=gcc
ac_cv_prog_ac_ct_CXX=g++
ac_cv_prog_ac_ct_RANLIB=ranlib
ac_cv_prog_ac_ct_STRIP=strip
ac_cv_prog_cc_g=yes
ac_cv_prog_cc_stdc=
ac_cv_prog_cxx_g=yes
ac_cv_prog_egrep='grep -E'
ac_cv_prog_f77_g=no
ac_cv_prog_make_make_set=yes
ac_cv_search_opendir='none required'
ac_cv_sizeof_unsigned_char=1
ac_cv_sizeof_unsigned_int=4
ac_cv_sizeof_unsigned_long_int=8
ac_cv_sizeof_unsigned_short_int=2
ac_cv_target=i686-apple-darwin15.4.0
ac_cv_target_alias=i686-apple-darwin15.4.0
ac_cv_type_unsigned_char=yes
ac_cv_type_unsigned_int=yes
ac_cv_type_unsigned_long_int=yes
ac_cv_type_unsigned_short_int=yes
am_cv_CC_dependencies_compiler_type=gcc3
am_cv_CXX_dependencies_compiler_type=gcc3
lt_cv_deplibs_check_method=pass_all
lt_cv_dlopen=dlopen
lt_cv_dlopen_libs=-ldl
lt_cv_dlopen_self=yes
lt_cv_dlopen_self_static=yes
lt_cv_file_magic_cmd='$MAGIC_CMD'
lt_cv_file_magic_test_file=
lt_cv_ld_reload_flag=-r
lt_cv_objdir=.libs
lt_cv_path_LD=/Applications/Xcode.app/Contents/Developer/Toolchains/XcodeDefault.xctoolchain/usr/bin/ld
lt_cv_path_LDCXX=/Applications/Xcode.app/Contents/Developer/Toolchains/XcodeDefault.xctoolchain/usr/bin/ld
lt_cv_path_NM='/usr/bin/nm -B'
lt_cv_path_SED=/usr/bin/sed
lt_cv_prog_compiler_c_o=yes
lt_cv_prog_compiler_c_o_CXX=yes
lt_cv_prog_compiler_rtti_exceptions=yes
lt_cv_prog_gnu_ld=no
lt_cv_prog_gnu_ldcxx=no
lt_cv_sys_global_symbol_pipe='sed -n -e '\''s/^.*[ 	]\([BCDEGRST][BCDEGRST]*\)[ 	][ 	]*_\([_A-Za-z][_A-Za-z0-9]*\)$/\1 _\2 \2/p'\'''
lt_cv_sys_global_symbol_to_c_name_address='sed -n -e '\''s/^: \([^ ]*\) $/  {\"\1\", (lt_ptr) 0},/p'\'' -e '\''s/^[BCDEGRST] \([^ ]*\) \([^ ]*\)$/  {"\2", (lt_ptr) \&\2},/p'\'''
lt_cv_sys_global_symbol_to_cdecl='sed -n -e '\''s/^. .* \(.*\)$/extern int \1;/p'\'''
lt_cv_sys_max_cmd_len=196608
lt_lt_cv_prog_compiler_c_o='"yes"'
lt_lt_cv_prog_compiler_c_o_CXX='"yes"'
lt_lt_cv_sys_global_symbol_pipe='"sed -n -e '\''s/^.*[ 	]\\([BCDEGRST][BCDEGRST]*\\)[ 	][ 	]*_\\([_A-Za-z][_A-Za-z0-9]*\\)\$/\\1 _\\2 \\2/p'\''"'
lt_lt_cv_sys_global_symbol_to_c_name_address='"sed -n -e '\''s/^: \\([^ ]*\\) \$/  {\\\"\\1\\\", (lt_ptr) 0},/p'\'' -e '\''s/^[BCDEGRST] \\([^ ]*\\) \\([^ ]*\\)\$/  {\"\\2\", (lt_ptr) \\&\\2},/p'\''"'
lt_lt_cv_sys_global_symbol_to_cdecl='"sed -n -e '\''s/^. .* \\(.*\\)\$/extern int \\1;/p'\''"'

## ----------------- ##
## Output variables. ##
## ----------------- ##

ACLOCAL='${SHELL} /Users/jv/Desktop/MyDevelopment/repo_php/php-extensions/libmcrypt-2.5.8/missing --run aclocal-1.9'
AMDEPBACKSLASH='\'
AMDEP_FALSE='#'
AMDEP_TRUE=''
AMTAR='${SHELL} /Users/jv/Desktop/MyDevelopment/repo_php/php-extensions/libmcrypt-2.5.8/missing --run tar'
AR='ar'
AS='as'
AUTOCONF='${SHELL} /Users/jv/Desktop/MyDevelopment/repo_php/php-extensions/libmcrypt-2.5.8/missing --run autoconf'
AUTOHEADER='${SHELL} /Users/jv/Desktop/MyDevelopment/repo_php/php-extensions/libmcrypt-2.5.8/missing --run autoheader'
AUTOMAKE='${SHELL} /Users/jv/Desktop/MyDevelopment/repo_php/php-extensions/libmcrypt-2.5.8/missing --run automake-1.9'
AWK='awk'
CC='gcc'
CCDEPMODE='depmode=gcc3'
CFLAGS='-g -O2'
CPP='gcc -E'
CPPFLAGS=''
CXX='g++'
CXXCPP='g++ -E'
CXXDEPMODE='depmode=gcc3'
CXXFLAGS='-g -O2'
CYGPATH_W='echo'
DEFS='-DHAVE_CONFIG_H'
DEPDIR='.deps'
DLLTOOL='dlltool'
ECHO='/bin/echo'
ECHO_C='ECHO_N=''
ECHO_T=''
EGREP='grep -E'
EXEEXT=''
EXTRA_ALGOS='-n cbc cfb ctr ecb ncfb nofb ofb stream threeway cast-128 gost rijndael-128 safer-sk64 twofish arcfour cast-256 loki97 rijndael-192 saferplus wake blowfish-compat des rijndael-256 serpent xtea blowfish enigma rc2 safer-sk128 tripledes'
EXTRA_OBJECTS=' ../modules/modes/cbc.lo ../modules/modes/cfb.lo ../modules/modes/ctr.lo ../modules/modes/ecb.lo ../modules/modes/ncfb.lo ../modules/modes/nofb.lo ../modules/modes/ofb.lo ../modules/modes/stream.lo ../modules/algorithms/cast-128.lo ../modules/algorithms/gost.lo ../modules/algorithms/rijndael-128.lo ../modules/algorithms/twofish.lo ../modules/algorithms/arcfour.lo ../modules/algorithms/cast-256.lo ../modules/algorithms/loki97.lo ../modules/algorithms/rijndael-192.lo ../modules/algorithms/saferplus.lo ../modules/algorithms/wake.lo ../modules/algorithms/blowfish-compat.lo ../modules/algorithms/des.lo ../modules/algorithms/rijndael-256.lo ../modules/algorithms/serpent.lo ../modules/algorithms/xtea.lo ../modules/algorithms/blowfish.lo ../modules/algorithms/enigma.lo ../modules/algorithms/rc2.lo ../modules/algorithms/tripledes.lo'
F77=''
FFLAGS=''
INCLTDL=''
INSTALL_ALGORITHM_MODULES=''
INSTALL_DATA='${INSTALL} -m 644'
INSTALL_MODE_MODULES=''
INSTALL_PROGRAM='${INSTALL}'
INSTALL_SCRIPT='${INSTALL}'
INSTALL_STRIP_PROGRAM='${SHELL} $(install_sh) -c -s'
LDFLAGS=''
LIBLTDL=''
LIBLTDL_DIR=''
LIBMCRYPT_CFLAGS='-I${prefix}/include'
LIBMCRYPT_CURRENT_INTERFACE_IMPLEMENTATION_NUMBER='8'
LIBMCRYPT_LIBS=' -L${exec_prefix}/lib -lmcrypt '
LIBMCRYPT_MAJOR_VERSION='2'
LIBMCRYPT_MICRO_VERSION='8'
LIBMCRYPT_MINOR_VERSION='5'
LIBMCRYPT_MOST_RECENT_INTERFACE='8'
LIBMCRYPT_OLDEST_INTERFACE='4'
LIBMCRYPT_VERSION='2.5.8'
LIBOBJS=''
LIBS=''
LIBTOOL='$(SHELL) $(top_builddir)/libtool'
LIBTOOL_DEPS='./ltmain.sh'
LN_S='ln -s'
LTLIBOBJS=''
LT_AGE='4'
LT_CURRENT='8'
LT_REVISION='8'
MAINT='#'
MAINTAINER_MODE_FALSE=''
MAINTAINER_MODE_TRUE='#'
MAKEINFO='${SHELL} /Users/jv/Desktop/MyDevelopment/repo_php/php-extensions/libmcrypt-2.5.8/missing --run makeinfo'
NOINSTALL_ALGORITHM_MODULES=' threeway.la cast-128.la gost.la rijndael-128.la safer-sk64.la twofish.la arcfour.la cast-256.la loki97.la rijndael-192.la saferplus.la wake.la blowfish-compat.la des.la rijndael-256.la serpent.la xtea.la blowfish.la enigma.la rc2.la safer-sk128.la tripledes.la'
NOINSTALL_MODE_MODULES=' cbc.la cfb.la ctr.la ecb.la ncfb.la nofb.la ofb.la stream.la'
OBJDUMP='objdump'
OBJEXT='o'
PACKAGE='libmcrypt'
PACKAGE_BUGREPORT=''
PACKAGE_NAME=''
PACKAGE_STRING=''
PACKAGE_TARNAME=''
PACKAGE_VERSION=''
PATH_SEPARATOR=':'
RANLIB='ranlib'
SED='/usr/bin/sed'
SET_MAKE=''
SHELL='/bin/sh'
STRIP='strip'
VERSION='2.5.8'
ac_ct_AR='ar'
ac_ct_AS=''
ac_ct_CC='gcc'
ac_ct_CXX='g++'
ac_ct_DLLTOOL=''
ac_ct_F77=''
ac_ct_OBJDUMP=''
ac_ct_RANLIB='ranlib'
ac_ct_STRIP='strip'
am__fastdepCC_FALSE='#'
am__fastdepCC_TRUE=''
am__fastdepCXX_FALSE='#'
am__fastdepCXX_TRUE=''
am__include='include'
am__leading_dot='.'
am__quote=''
am__tar='${AMTAR} chof - "$$tardir"'
am__untar='${AMTAR} xf -'
bindir='${exec_prefix}/bin'
build='i686-apple-darwin15.4.0'
build_alias=''
build_cpu='i686'
build_os='darwin15.4.0'
build_vendor='apple'
datadir='${prefix}/share'
exec_prefix='${prefix}'
host='i686-apple-darwin15.4.0'
host_alias=''
host_cpu='i686'
host_os='darwin15.4.0'
host_vendor='apple'
includedir='${prefix}/include'
infodir='${prefix}/info'
install_sh='/Users/jv/Desktop/MyDevelopment/repo_php/php-extensions/libmcrypt-2.5.8/install-sh'
libdir='${exec_prefix}/lib'
libexecdir='${exec_prefix}/libexec'
localstatedir='${prefix}/var'
mandir='${prefix}/man'
mkdir_p='$(mkinstalldirs)'
oldincludedir='/usr/include'
prefix='/usr/local'
program_transform_name='s,x,x,'
sbindir='${exec_prefix}/sbin'
sharedstatedir='${prefix}/com'
subdirs=''
sysconfdir='${prefix}/etc'
target='i686-apple-darwin15.4.0'
target_alias=''
target_cpu='i686'
target_os='darwin15.4.0'
target_vendor='apple'

## ----------- ##
## confdefs.h. ##
## ----------- ##

#define HAVE_BZERO 1
#define HAVE_DIRENT_H 1
#define HAVE_DIRENT_H 1
#define HAVE_DLFCN_H 1
#define HAVE_DLFCN_H 1
#define HAVE_INTTYPES_H 1
#define HAVE_LIMITS_H 1
#define HAVE_MALLOC 1
#define HAVE_MEMMOVE 1
#define HAVE_MEMORY_H 1
#define HAVE_MEMORY_H 1
#define HAVE_MEMSET 1
#define HAVE_MLOCK 1
#define HAVE_READDIR_R 1
#define HAVE_REALLOC 1
#define HAVE_STDINT_H 1
#define HAVE_STDLIB_H 1
#define HAVE_STDLIB_H 1
#define HAVE_STDLIB_H 1
#define HAVE_STDLIB_H 1
#define HAVE_STRCHR 1
#define HAVE_STRDUP 1
#define HAVE_STRINGS_H 1
#define HAVE_STRINGS_H 1
#define HAVE_STRING_H 1
#define HAVE_STRING_H 1
#define HAVE_STRRCHR 1
#define HAVE_SYS_MMAN_H 1
#define HAVE_SYS_STAT_H 1
#define HAVE_SYS_TYPES_H 1
#define HAVE_SYS_TYPES_H 1
#define HAVE_UNISTD_H 1
#define HAVE_UNISTD_H 1
#define PACKAGE "libmcrypt"
#define PACKAGE_BUGREPORT ""
#define PACKAGE_NAME ""
#define PACKAGE_STRING ""
#define PACKAGE_TARNAME ""
#define PACKAGE_VERSION ""
#define SIZEOF_UNSIGNED_CHAR 1
#define SIZEOF_UNSIGNED_INT 4
#define SIZEOF_UNSIGNED_LONG_INT 8
#define SIZEOF_UNSIGNED_SHORT_INT 2
#define STDC_HEADERS 1
#define VERSION "2.5.8"
#endif
#ifdef __cplusplus
extern "C" void exit (int);

configure: exit 0
